<?xml version="1.0" encoding="UTF-8" ?>
<testsuite tests="10" failures="0" name="com.visualabstractlabs.bookshop.dao.impl.BorrowerDaoImplTest" time="0.007" errors="0" skipped="0">
  <properties>
    <property name="java.runtime.name" value="Java(TM) SE Runtime Environment"/>
    <property name="sun.boot.library.path" value="/Library/Java/JavaVirtualMachines/jdk1.8.0_171.jdk/Contents/Home/jre/lib"/>
    <property name="java.vm.version" value="25.171-b11"/>
    <property name="gopherProxySet" value="false"/>
    <property name="java.vm.vendor" value="Oracle Corporation"/>
    <property name="maven.multiModuleProjectDirectory" value="/Users/i319983/git/Bookshop-Java-Application/bookshop"/>
    <property name="java.vendor.url" value="http://java.oracle.com/"/>
    <property name="path.separator" value=":"/>
    <property name="guice.disable.misplaced.annotation.check" value="true"/>
    <property name="java.vm.name" value="Java HotSpot(TM) 64-Bit Server VM"/>
    <property name="file.encoding.pkg" value="sun.io"/>
    <property name="user.country" value="IN"/>
    <property name="sun.java.launcher" value="SUN_STANDARD"/>
    <property name="sun.os.patch.level" value="unknown"/>
    <property name="java.vm.specification.name" value="Java Virtual Machine Specification"/>
    <property name="user.dir" value="/Users/i319983/git/Bookshop-Java-Application/bookshop"/>
    <property name="java.runtime.version" value="1.8.0_171-b11"/>
    <property name="java.awt.graphicsenv" value="sun.awt.CGraphicsEnvironment"/>
    <property name="java.endorsed.dirs" value="/Library/Java/JavaVirtualMachines/jdk1.8.0_171.jdk/Contents/Home/jre/lib/endorsed"/>
    <property name="os.arch" value="x86_64"/>
    <property name="java.io.tmpdir" value="/var/folders/s5/kwzpp8fj729c94fj8ll1kyqw0000gn/T/"/>
    <property name="line.separator" value="
"/>
    <property name="java.vm.specification.vendor" value="Oracle Corporation"/>
    <property name="os.name" value="Mac OS X"/>
    <property name="classworlds.conf" value="/Users/i319983/Documents/TechKnowSchool/.metadata/.plugins/org.eclipse.m2e.launching/launches/m2conf866773663125386244.tmp"/>
    <property name="sun.jnu.encoding" value="UTF-8"/>
    <property name="java.library.path" value="/Users/i319983/Library/Java/Extensions:/Library/Java/Extensions:/Network/Library/Java/Extensions:/System/Library/Java/Extensions:/usr/lib/java:."/>
    <property name="java.specification.name" value="Java Platform API Specification"/>
    <property name="java.class.version" value="52.0"/>
    <property name="sun.management.compiler" value="HotSpot 64-Bit Tiered Compilers"/>
    <property name="os.version" value="10.14.3"/>
    <property name="http.nonProxyHosts" value="local|*.local|169.254/16|*.169.254/16|sap.corp|*.sap.corp|corp.sap|*.corp.sap"/>
    <property name="user.home" value="/Users/i319983"/>
    <property name="user.timezone" value="Asia/Kolkata"/>
    <property name="java.awt.printerjob" value="sun.lwawt.macosx.CPrinterJob"/>
    <property name="java.specification.version" value="1.8"/>
    <property name="file.encoding" value="UTF-8"/>
    <property name="user.name" value="i319983"/>
    <property name="java.class.path" value="/Users/i319983/Revamped BP code/Eclipse-TechKnowSchool.app/Contents/Eclipse/plugins/org.eclipse.m2e.maven.runtime_1.9.0.20180606-2035/jars/plexus-classworlds-2.5.2.jar"/>
    <property name="java.vm.specification.version" value="1.8"/>
    <property name="sun.arch.data.model" value="64"/>
    <property name="java.home" value="/Library/Java/JavaVirtualMachines/jdk1.8.0_171.jdk/Contents/Home/jre"/>
    <property name="sun.java.command" value="org.codehaus.plexus.classworlds.launcher.Launcher -B clean install"/>
    <property name="java.specification.vendor" value="Oracle Corporation"/>
    <property name="user.language" value="en"/>
    <property name="awt.toolkit" value="sun.lwawt.macosx.LWCToolkit"/>
    <property name="java.vm.info" value="mixed mode"/>
    <property name="java.version" value="1.8.0_171"/>
    <property name="java.ext.dirs" value="/Users/i319983/Library/Java/Extensions:/Library/Java/JavaVirtualMachines/jdk1.8.0_171.jdk/Contents/Home/jre/lib/ext:/Library/Java/Extensions:/Network/Library/Java/Extensions:/System/Library/Java/Extensions:/usr/lib/java"/>
    <property name="sun.boot.class.path" value="/Library/Java/JavaVirtualMachines/jdk1.8.0_171.jdk/Contents/Home/jre/lib/resources.jar:/Library/Java/JavaVirtualMachines/jdk1.8.0_171.jdk/Contents/Home/jre/lib/rt.jar:/Library/Java/JavaVirtualMachines/jdk1.8.0_171.jdk/Contents/Home/jre/lib/sunrsasign.jar:/Library/Java/JavaVirtualMachines/jdk1.8.0_171.jdk/Contents/Home/jre/lib/jsse.jar:/Library/Java/JavaVirtualMachines/jdk1.8.0_171.jdk/Contents/Home/jre/lib/jce.jar:/Library/Java/JavaVirtualMachines/jdk1.8.0_171.jdk/Contents/Home/jre/lib/charsets.jar:/Library/Java/JavaVirtualMachines/jdk1.8.0_171.jdk/Contents/Home/jre/lib/jfr.jar:/Library/Java/JavaVirtualMachines/jdk1.8.0_171.jdk/Contents/Home/jre/classes"/>
    <property name="java.vendor" value="Oracle Corporation"/>
    <property name="maven.home" value="/Users/i319983/git/Bookshop-Java-Application/bookshop/EMBEDDED"/>
    <property name="file.separator" value="/"/>
    <property name="java.vendor.url.bug" value="http://bugreport.sun.com/bugreport/"/>
    <property name="sun.cpu.endian" value="little"/>
    <property name="sun.io.unicode.encoding" value="UnicodeBig"/>
    <property name="socksNonProxyHosts" value="local|*.local|169.254/16|*.169.254/16|sap.corp|*.sap.corp|corp.sap|*.corp.sap"/>
    <property name="ftp.nonProxyHosts" value="local|*.local|169.254/16|*.169.254/16|sap.corp|*.sap.corp|corp.sap|*.corp.sap"/>
    <property name="sun.cpu.isalist" value=""/>
  </properties>
  <testcase classname="com.visualabstractlabs.bookshop.dao.impl.BorrowerDaoImplTest" name="testA_getAllTheBooksPresentInTheStoreWhichAreAvailableToBorrow" time="0"/>
  <testcase classname="com.visualabstractlabs.bookshop.dao.impl.BorrowerDaoImplTest" name="testB_getTheBooksBorrowedByUser" time="0.001"/>
  <testcase classname="com.visualabstractlabs.bookshop.dao.impl.BorrowerDaoImplTest" name="testC_getTheBooksBorrowedByUser_WhenInvalidUserIdIsGiven" time="0"/>
  <testcase classname="com.visualabstractlabs.bookshop.dao.impl.BorrowerDaoImplTest" name="testD_CheckIfBookIsAvailableToBorrow" time="0"/>
  <testcase classname="com.visualabstractlabs.bookshop.dao.impl.BorrowerDaoImplTest" name="testE_CheckIfBookIsAvailableToBorrow_WhenInvalidBookIdIsGiven" time="0.001"/>
  <testcase classname="com.visualabstractlabs.bookshop.dao.impl.BorrowerDaoImplTest" name="testF_BorrowABook_WithInvalidUserId" time="0"/>
  <testcase classname="com.visualabstractlabs.bookshop.dao.impl.BorrowerDaoImplTest" name="testG_BorrowABook_WithInvalidBookId" time="0"/>
  <testcase classname="com.visualabstractlabs.bookshop.dao.impl.BorrowerDaoImplTest" name="testH_ReturnABook_WithInvalidUserId" time="0.001"/>
  <testcase classname="com.visualabstractlabs.bookshop.dao.impl.BorrowerDaoImplTest" name="testJ_BorrowABook" time="0.001"/>
  <testcase classname="com.visualabstractlabs.bookshop.dao.impl.BorrowerDaoImplTest" name="testK_ReturnABook" time="0.003"/>
</testsuite>